\BOOKMARK [1][-]{section.1}{\376\377\000I\000n\000t\000r\000o\000d\000u\000c\000t\000i\000o\000n}{}% 1
\BOOKMARK [2][-]{subsection.1.1}{\376\377\000T\000h\000e\000\040\000V\000i\000s\000i\000o\000n\000:\000\040\000L\000i\000g\000h\000t\000w\000e\000i\000g\000h\000t\000\040\000G\000r\000o\000u\000n\000d\000i\000n\000g\000\040\000T\000h\000r\000o\000u\000g\000h\000\040\000A\000l\000g\000e\000b\000r\000a}{section.1}% 2
\BOOKMARK [2][-]{subsection.1.2}{\376\377\000T\000h\000r\000e\000e\000\040\000L\000e\000v\000e\000l\000s\000\040\000o\000f\000\040\000A\000l\000g\000e\000b\000r\000a\000i\000c\000\040\000O\000p\000e\000r\000a\000t\000i\000o\000n\000s}{section.1}% 3
\BOOKMARK [3][-]{subsubsection.1.2.1}{\376\377\000L\000e\000v\000e\000l\000\040\0001\000:\000\040\000I\000n\000p\000u\000t\000\040\000P\000r\000o\000j\000e\000c\000t\000i\000o\000n\000s}{subsection.1.2}% 4
\BOOKMARK [3][-]{subsubsection.1.2.2}{\376\377\000L\000e\000v\000e\000l\000\040\0002\000:\000\040\000M\000o\000d\000e\000l\000\040\000C\000o\000m\000p\000o\000s\000i\000t\000i\000o\000n}{subsection.1.2}% 5
\BOOKMARK [3][-]{subsubsection.1.2.3}{\376\377\000L\000e\000v\000e\000l\000\040\0003\000:\000\040\000O\000u\000t\000p\000u\000t\000\040\000C\000o\000n\000s\000t\000r\000a\000i\000n\000t\000s}{subsection.1.2}% 6
\BOOKMARK [2][-]{subsection.1.3}{\376\377\000C\000o\000n\000t\000r\000i\000b\000u\000t\000i\000o\000n\000s}{section.1}% 7
\BOOKMARK [1][-]{section.2}{\376\377\000L\000i\000g\000h\000t\000w\000e\000i\000g\000h\000t\000\040\000G\000r\000o\000u\000n\000d\000i\000n\000g\000:\000\040\000S\000m\000a\000l\000l\000\040\000W\000e\000i\000g\000h\000t\000s\000,\000\040\000B\000i\000g\000\040\000I\000m\000p\000a\000c\000t}{}% 8
\BOOKMARK [2][-]{subsection.2.1}{\376\377\000T\000h\000e\000\040\000R\000e\000a\000l\000i\000t\000y\000\040\000A\000n\000c\000h\000o\000r\000\040\000P\000r\000i\000n\000c\000i\000p\000l\000e}{section.2}% 9
\BOOKMARK [3][-]{subsubsection.2.1.1}{\376\377\000W\000h\000y\000\040\000S\000m\000a\000l\000l\000\040\000W\000e\000i\000g\000h\000t\000s\000\040\000W\000o\000r\000k}{subsection.2.1}% 10
\BOOKMARK [2][-]{subsection.2.2}{\376\377\000P\000r\000o\000g\000r\000e\000s\000s\000i\000v\000e\000\040\000G\000r\000o\000u\000n\000d\000i\000n\000g\000\040\000w\000i\000t\000h\000\040\000M\000u\000l\000t\000i\000p\000l\000e\000\040\000S\000o\000u\000r\000c\000e\000s}{section.2}% 11
\BOOKMARK [3][-]{subsubsection.2.2.1}{\376\377\000E\000x\000a\000m\000p\000l\000e\000:\000\040\000R\000e\000a\000l\000-\000W\000o\000r\000l\000d\000\040\000C\000o\000n\000f\000i\000g\000u\000r\000a\000t\000i\000o\000n}{subsection.2.2}% 12
\BOOKMARK [2][-]{subsection.2.3}{\376\377\000C\000o\000n\000d\000i\000t\000i\000o\000n\000a\000l\000\040\000G\000r\000o\000u\000n\000d\000i\000n\000g\000\040\000B\000a\000s\000e\000d\000\040\000o\000n\000\040\000C\000o\000n\000t\000e\000x\000t}{section.2}% 13
\BOOKMARK [1][-]{section.3}{\376\377\000T\000h\000e\000\040\000L\000a\000n\000g\000u\000a\000g\000e\000\040\000M\000o\000d\000e\000l\000\040\000A\000l\000g\000e\000b\000r\000a}{}% 14
\BOOKMARK [2][-]{subsection.3.1}{\376\377\000B\000a\000s\000i\000c\000\040\000O\000b\000j\000e\000c\000t\000s\000\040\000a\000n\000d\000\040\000S\000p\000a\000c\000e\000s}{section.3}% 15
\BOOKMARK [2][-]{subsection.3.2}{\376\377\000A\000l\000g\000e\000b\000r\000a\000i\000c\000\040\000O\000p\000e\000r\000a\000t\000i\000o\000n\000s}{section.3}% 16
\BOOKMARK [3][-]{subsubsection.3.2.1}{\376\377\000A\000d\000d\000i\000t\000i\000o\000n\000\040\000\050\000+\000\051\000:\000\040\000M\000i\000x\000t\000u\000r\000e\000\040\000M\000o\000d\000e\000l\000s}{subsection.3.2}% 17
\BOOKMARK [3][-]{subsubsection.3.2.2}{\376\377\000M\000u\000l\000t\000i\000p\000l\000i\000c\000a\000t\000i\000o\000n\000\040\000\050\000*\000\051\000:\000\040\000S\000c\000a\000l\000i\000n\000g}{subsection.3.2}% 18
\BOOKMARK [3][-]{subsubsection.3.2.3}{\376\377\000C\000o\000m\000p\000o\000s\000i\000t\000i\000o\000n\000\040\000\050\000@\000\051\000:\000\040\000S\000e\000q\000u\000e\000n\000t\000i\000a\000l\000\040\000A\000p\000p\000l\000i\000c\000a\000t\000i\000o\000n}{subsection.3.2}% 19
\BOOKMARK [3][-]{subsubsection.3.2.4}{\376\377\000P\000r\000o\000j\000e\000c\000t\000i\000o\000n\000\040\000\050\000>\000>\000\051\000:\000\040\000I\000n\000p\000u\000t\000\040\000T\000r\000a\000n\000s\000f\000o\000r\000m\000a\000t\000i\000o\000n}{subsection.3.2}% 20
\BOOKMARK [3][-]{subsubsection.3.2.5}{\376\377\000D\000i\000s\000j\000u\000n\000c\000t\000i\000o\000n\000\040\000\050\000|\000\051\000:\000\040\000C\000o\000n\000s\000t\000r\000a\000i\000n\000t\000\040\000U\000n\000i\000o\000n}{subsection.3.2}% 21
\BOOKMARK [3][-]{subsubsection.3.2.6}{\376\377\000C\000o\000n\000j\000u\000n\000c\000t\000i\000o\000n\000\040\000\050\000\046\000\051\000:\000\040\000M\000i\000n\000i\000m\000u\000m\000\040\000O\000p\000e\000r\000a\000t\000i\000o\000n}{subsection.3.2}% 22
\BOOKMARK [3][-]{subsubsection.3.2.7}{\376\377\000E\000x\000c\000l\000u\000s\000i\000v\000e\000-\000O\000r\000\040\000\050\000\136\000\051\000:\000\040\000S\000y\000m\000m\000e\000t\000r\000i\000c\000\040\000D\000i\000f\000f\000e\000r\000e\000n\000c\000e}{subsection.3.2}% 23
\BOOKMARK [3][-]{subsubsection.3.2.8}{\376\377\000P\000o\000w\000e\000r\000\040\000\050\000*\000*\000\051\000:\000\040\000T\000e\000m\000p\000e\000r\000a\000t\000u\000r\000e\000\040\000S\000c\000a\000l\000i\000n\000g}{subsection.3.2}% 24
\BOOKMARK [3][-]{subsubsection.3.2.9}{\376\377\000R\000i\000g\000h\000t\000\040\000S\000h\000i\000f\000t\000\040\000\050\000>\000>\000\051\000:\000\040\000T\000h\000r\000e\000s\000h\000o\000l\000d\000\040\000F\000i\000l\000t\000e\000r\000i\000n\000g}{subsection.3.2}% 25
\BOOKMARK [3][-]{subsubsection.3.2.10}{\376\377\000L\000e\000f\000t\000\040\000S\000h\000i\000f\000t\000\040\000\050\000<\000<\000\051\000:\000\040\000C\000o\000n\000t\000e\000x\000t\000\040\000T\000r\000a\000n\000s\000f\000o\000r\000m\000a\000t\000i\000o\000n}{subsection.3.2}% 26
\BOOKMARK [3][-]{subsubsection.3.2.11}{\376\377\000C\000o\000m\000p\000l\000e\000m\000e\000n\000t\000\040\000\050\002\334\000\051\000:\000\040\000N\000e\000g\000a\000t\000i\000o\000n}{subsection.3.2}% 27
\BOOKMARK [2][-]{subsection.3.3}{\376\377\000A\000l\000g\000e\000b\000r\000a\000i\000c\000\040\000L\000a\000w\000s}{section.3}% 28
\BOOKMARK [2][-]{subsection.3.4}{\376\377\000I\000d\000e\000n\000t\000i\000t\000y\000\040\000E\000l\000e\000m\000e\000n\000t\000s}{section.3}% 29
\BOOKMARK [1][-]{section.4}{\376\377\000I\000n\000c\000r\000e\000m\000e\000n\000t\000a\000l\000\040\000S\000u\000f\000f\000i\000x\000\040\000E\000x\000t\000e\000n\000s\000i\000o\000n\000:\000\040\000A\000\040\000P\000r\000a\000c\000t\000i\000c\000a\000l\000\040\000A\000l\000g\000o\000r\000i\000t\000h\000m}{}% 30
\BOOKMARK [2][-]{subsection.4.1}{\376\377\000T\000h\000e\000\040\000C\000h\000a\000l\000l\000e\000n\000g\000e\000\040\000o\000f\000\040\000P\000a\000r\000t\000i\000a\000l\000\040\000M\000a\000t\000c\000h\000e\000s}{section.4}% 31
\BOOKMARK [2][-]{subsection.4.2}{\376\377\000T\000h\000e\000\040\000I\000n\000c\000r\000e\000m\000e\000n\000t\000a\000l\000\040\000E\000x\000t\000e\000n\000s\000i\000o\000n\000\040\000A\000l\000g\000o\000r\000i\000t\000h\000m}{section.4}% 32
\BOOKMARK [2][-]{subsection.4.3}{\376\377\000T\000r\000a\000n\000s\000f\000o\000r\000m\000a\000t\000i\000o\000n\000\040\000M\000e\000m\000o\000r\000y\000\040\000a\000n\000d\000\040\000O\000u\000t\000p\000u\000t\000\040\000R\000e\000m\000a\000p\000p\000i\000n\000g}{section.4}% 33
\BOOKMARK [2][-]{subsection.4.4}{\376\377\000E\000f\000f\000i\000c\000i\000e\000n\000c\000y\000\040\000C\000o\000n\000s\000i\000d\000e\000r\000a\000t\000i\000o\000n\000s}{section.4}% 34
\BOOKMARK [2][-]{subsection.4.5}{\376\377\000P\000r\000a\000c\000t\000i\000c\000a\000l\000\040\000I\000m\000p\000a\000c\000t}{section.4}% 35
\BOOKMARK [1][-]{section.5}{\376\377\000A\000l\000g\000e\000b\000r\000a\000i\000c\000\040\000O\000p\000e\000r\000a\000t\000i\000o\000n\000s\000\040\000i\000n\000\040\000D\000e\000t\000a\000i\000l}{}% 36
\BOOKMARK [2][-]{subsection.5.1}{\376\377\000B\000i\000d\000i\000r\000e\000c\000t\000i\000o\000n\000a\000l\000\040\000P\000r\000o\000j\000e\000c\000t\000i\000o\000n\000s\000:\000\040\000I\000n\000p\000u\000t\000\040\000a\000n\000d\000\040\000O\000u\000t\000p\000u\000t\000\040\000H\000a\000r\000m\000o\000n\000y}{section.5}% 37
\BOOKMARK [3][-]{subsubsection.5.1.1}{\376\377\000T\000h\000e\000\040\000B\000i\000d\000i\000r\000e\000c\000t\000i\000o\000n\000a\000l\000\040\000P\000r\000o\000j\000e\000c\000t\000i\000o\000n\000\040\000P\000r\000i\000n\000c\000i\000p\000l\000e}{subsection.5.1}% 38
\BOOKMARK [3][-]{subsubsection.5.1.2}{\376\377\000E\000x\000a\000m\000p\000l\000e\000:\000\040\000S\000y\000n\000o\000n\000y\000m\000\040\000P\000r\000o\000j\000e\000c\000t\000i\000o\000n}{subsection.5.1}% 39
\BOOKMARK [2][-]{subsection.5.2}{\376\377\000I\000n\000p\000u\000t\000\040\000P\000r\000o\000j\000e\000c\000t\000i\000o\000n\000s\000:\000\040\000T\000r\000a\000n\000s\000f\000o\000r\000m\000i\000n\000g\000\040\000C\000o\000n\000t\000e\000x\000t}{section.5}% 40
\BOOKMARK [3][-]{subsubsection.5.2.1}{\376\377\000R\000e\000c\000e\000n\000c\000y\000\040\000P\000r\000o\000j\000e\000c\000t\000i\000o\000n}{subsection.5.2}% 41
\BOOKMARK [3][-]{subsubsection.5.2.2}{\376\377\000S\000e\000m\000a\000n\000t\000i\000c\000\040\000P\000r\000o\000j\000e\000c\000t\000i\000o\000n}{subsection.5.2}% 42
\BOOKMARK [3][-]{subsubsection.5.2.3}{\376\377\000P\000a\000t\000t\000e\000r\000n\000\040\000P\000r\000o\000j\000e\000c\000t\000i\000o\000n}{subsection.5.2}% 43
\BOOKMARK [2][-]{subsection.5.3}{\376\377\000M\000o\000d\000e\000l\000\040\000M\000i\000x\000t\000u\000r\000e\000s\000:\000\040\000C\000o\000m\000b\000i\000n\000i\000n\000g\000\040\000E\000x\000p\000e\000r\000t\000i\000s\000e}{section.5}% 44
\BOOKMARK [3][-]{subsubsection.5.3.1}{\376\377\000S\000t\000a\000t\000i\000c\000\040\000M\000i\000x\000t\000u\000r\000e\000s}{subsection.5.3}% 45
\BOOKMARK [3][-]{subsubsection.5.3.2}{\376\377\000D\000y\000n\000a\000m\000i\000c\000\040\000M\000i\000x\000t\000u\000r\000e\000s}{subsection.5.3}% 46
\BOOKMARK [3][-]{subsubsection.5.3.3}{\376\377\000E\000x\000a\000m\000p\000l\000e\000:\000\040\000N\000-\000g\000r\000a\000m\000\040\000+\000\040\000N\000e\000u\000r\000a\000l\000\040\000M\000i\000x\000t\000u\000r\000e}{subsection.5.3}% 47
\BOOKMARK [2][-]{subsection.5.4}{\376\377\000O\000u\000t\000p\000u\000t\000\040\000C\000o\000n\000s\000t\000r\000a\000i\000n\000t\000s\000:\000\040\000S\000t\000r\000u\000c\000t\000u\000r\000e\000d\000\040\000G\000e\000n\000e\000r\000a\000t\000i\000o\000n}{section.5}% 48
\BOOKMARK [3][-]{subsubsection.5.4.1}{\376\377\000S\000c\000h\000e\000m\000a\000\040\000C\000o\000n\000s\000t\000r\000a\000i\000n\000t\000s}{subsection.5.4}% 49
\BOOKMARK [3][-]{subsubsection.5.4.2}{\376\377\000G\000r\000a\000m\000m\000a\000r\000\040\000C\000o\000n\000s\000t\000r\000a\000i\000n\000t\000s}{subsection.5.4}% 50
\BOOKMARK [3][-]{subsubsection.5.4.3}{\376\377\000C\000o\000m\000p\000o\000s\000i\000t\000i\000o\000n\000\040\000o\000f\000\040\000C\000o\000n\000s\000t\000r\000a\000i\000n\000t\000s}{subsection.5.4}% 51
\BOOKMARK [1][-]{section.6}{\376\377\000S\000y\000s\000t\000e\000m\000\040\000D\000e\000s\000i\000g\000n\000:\000\040\000P\000r\000a\000c\000t\000i\000c\000a\000l\000\040\000A\000l\000g\000e\000b\000r\000a\000i\000c\000\040\000C\000o\000m\000p\000o\000s\000i\000t\000i\000o\000n}{}% 52
\BOOKMARK [2][-]{subsection.6.1}{\376\377\000M\000i\000n\000i\000m\000a\000l\000\040\000V\000i\000a\000b\000l\000e\000\040\000G\000r\000o\000u\000n\000d\000i\000n\000g}{section.6}% 53
\BOOKMARK [2][-]{subsection.6.2}{\376\377\000P\000r\000o\000g\000r\000e\000s\000s\000i\000v\000e\000\040\000E\000n\000h\000a\000n\000c\000e\000m\000e\000n\000t\000\040\000A\000r\000c\000h\000i\000t\000e\000c\000t\000u\000r\000e}{section.6}% 54
\BOOKMARK [2][-]{subsection.6.3}{\376\377\000R\000e\000a\000l\000-\000t\000i\000m\000e\000\040\000U\000p\000d\000a\000t\000e\000s\000\040\000W\000i\000t\000h\000o\000u\000t\000\040\000R\000e\000t\000r\000a\000i\000n\000i\000n\000g}{section.6}% 55
\BOOKMARK [2][-]{subsection.6.4}{\376\377\000I\000n\000t\000e\000r\000p\000r\000e\000t\000a\000b\000i\000l\000i\000t\000y\000\040\000a\000n\000d\000\040\000D\000e\000b\000u\000g\000g\000i\000n\000g}{section.6}% 56
\BOOKMARK [1][-]{section.7}{\376\377\000I\000m\000p\000l\000e\000m\000e\000n\000t\000a\000t\000i\000o\000n\000:\000\040\000N\000-\000g\000r\000a\000m\000\040\000P\000r\000o\000j\000e\000c\000t\000i\000o\000n\000s\000\040\000a\000n\000d\000\040\000S\000c\000h\000e\000m\000a\000\040\000C\000o\000n\000s\000t\000r\000a\000i\000n\000t\000s}{}% 57
\BOOKMARK [2][-]{subsection.7.1}{\376\377\000P\000r\000a\000c\000t\000i\000c\000a\000l\000\040\000I\000m\000p\000l\000e\000m\000e\000n\000t\000a\000t\000i\000o\000n\000:\000\040\000S\000i\000m\000p\000l\000i\000c\000i\000t\000y\000\040\000F\000i\000r\000s\000t}{section.7}% 58
\BOOKMARK [2][-]{subsection.7.2}{\376\377\000N\000-\000g\000r\000a\000m\000\040\000M\000o\000d\000e\000l\000s\000\040\000a\000s\000\040\000L\000i\000g\000h\000t\000w\000e\000i\000g\000h\000t\000\040\000R\000e\000a\000l\000i\000t\000y\000\040\000A\000n\000c\000h\000o\000r\000s}{section.7}% 59
\BOOKMARK [3][-]{subsubsection.7.2.1}{\376\377\000S\000u\000f\000f\000i\000x\000\040\000A\000r\000r\000a\000y\000s\000\040\000f\000o\000r\000\040\000E\000f\000f\000i\000c\000i\000e\000n\000t\000\040\000I\000m\000p\000l\000e\000m\000e\000n\000t\000a\000t\000i\000o\000n}{subsection.7.2}% 60
\BOOKMARK [3][-]{subsubsection.7.2.2}{\376\377\000M\000u\000l\000t\000i\000p\000l\000e\000\040\000S\000p\000e\000c\000i\000a\000l\000i\000z\000e\000d\000\040\000N\000-\000g\000r\000a\000m\000\040\000M\000o\000d\000e\000l\000s}{subsection.7.2}% 61
\BOOKMARK [3][-]{subsubsection.7.2.3}{\376\377\000D\000y\000n\000a\000m\000i\000c\000\040\000U\000p\000d\000a\000t\000e\000s\000\040\000a\000s\000\040\000S\000y\000s\000t\000e\000m\000\040\000O\000p\000t\000i\000m\000i\000z\000a\000t\000i\000o\000n}{subsection.7.2}% 62
\BOOKMARK [2][-]{subsection.7.3}{\376\377\000S\000c\000h\000e\000m\000a\000\040\000C\000o\000n\000s\000t\000r\000a\000i\000n\000t\000s\000\040\000a\000s\000\040\000A\000l\000g\000e\000b\000r\000a\000i\000c\000\040\000O\000b\000j\000e\000c\000t\000s}{section.7}% 63
\BOOKMARK [3][-]{subsubsection.7.3.1}{\376\377\000J\000S\000O\000N\000\040\000S\000c\000h\000e\000m\000a\000\040\000a\000s\000\040\000C\000o\000n\000s\000t\000r\000a\000i\000n\000t}{subsection.7.3}% 64
\BOOKMARK [3][-]{subsubsection.7.3.2}{\376\377\000G\000r\000a\000m\000m\000a\000r\000-\000B\000a\000s\000e\000d\000\040\000C\000o\000n\000s\000t\000r\000a\000i\000n\000t\000s}{subsection.7.3}% 65
\BOOKMARK [2][-]{subsection.7.4}{\376\377\000C\000o\000m\000p\000l\000e\000t\000e\000\040\000P\000i\000p\000e\000l\000i\000n\000e\000:\000\040\000E\000l\000e\000g\000a\000n\000t\000\040\000S\000i\000m\000p\000l\000i\000c\000i\000t\000y}{section.7}% 66
\BOOKMARK [3][-]{subsubsection.7.4.1}{\376\377\000W\000h\000y\000\040\000T\000h\000i\000s\000\040\000W\000o\000r\000k\000s\000:\000\040\000T\000h\000e\000\040\000A\000l\000g\000e\000b\000r\000a\000i\000c\000\040\000I\000n\000s\000i\000g\000h\000t}{subsection.7.4}% 67
\BOOKMARK [1][-]{section.8}{\376\377\000T\000h\000e\000o\000r\000e\000t\000i\000c\000a\000l\000\040\000F\000o\000u\000n\000d\000a\000t\000i\000o\000n\000s}{}% 68
\BOOKMARK [2][-]{subsection.8.1}{\376\377\000C\000a\000t\000e\000g\000o\000r\000y\000\040\000T\000h\000e\000o\000r\000y\000\040\000F\000o\000r\000m\000a\000l\000i\000z\000a\000t\000i\000o\000n}{section.8}% 69
\BOOKMARK [2][-]{subsection.8.2}{\376\377\000F\000u\000n\000c\000t\000o\000r\000i\000a\000l\000\040\000P\000r\000o\000p\000e\000r\000t\000i\000e\000s}{section.8}% 70
\BOOKMARK [2][-]{subsection.8.3}{\376\377\000U\000n\000i\000v\000e\000r\000s\000a\000l\000\040\000P\000r\000o\000p\000e\000r\000t\000i\000e\000s}{section.8}% 71
\BOOKMARK [2][-]{subsection.8.4}{\376\377\000A\000l\000g\000e\000b\000r\000a\000i\000c\000\040\000L\000a\000w\000s\000\040\000a\000n\000d\000\040\000E\000q\000u\000a\000t\000i\000o\000n\000a\000l\000\040\000T\000h\000e\000o\000r\000y}{section.8}% 72
\BOOKMARK [1][-]{section.9}{\376\377\000A\000p\000p\000l\000i\000c\000a\000t\000i\000o\000n\000s}{}% 73
\BOOKMARK [2][-]{subsection.9.1}{\376\377\000W\000i\000k\000i\000p\000e\000d\000i\000a\000-\000G\000r\000o\000u\000n\000d\000e\000d\000\040\000G\000e\000n\000e\000r\000a\000t\000i\000o\000n}{section.9}% 74
\BOOKMARK [2][-]{subsection.9.2}{\376\377\000C\000o\000n\000t\000i\000n\000u\000o\000u\000s\000\040\000L\000e\000a\000r\000n\000i\000n\000g\000\040\000a\000n\000d\000\040\000P\000e\000r\000s\000o\000n\000a\000l\000i\000z\000a\000t\000i\000o\000n}{section.9}% 75
\BOOKMARK [2][-]{subsection.9.3}{\376\377\000R\000e\000l\000i\000a\000b\000l\000e\000\040\000J\000S\000O\000N\000\040\000G\000e\000n\000e\000r\000a\000t\000i\000o\000n}{section.9}% 76
\BOOKMARK [2][-]{subsection.9.4}{\376\377\000M\000u\000l\000t\000i\000-\000D\000o\000m\000a\000i\000n\000\040\000E\000x\000p\000e\000r\000t\000i\000s\000e}{section.9}% 77
\BOOKMARK [1][-]{section.10}{\376\377\000E\000x\000p\000e\000r\000i\000m\000e\000n\000t\000a\000l\000\040\000V\000a\000l\000i\000d\000a\000t\000i\000o\000n}{}% 78
\BOOKMARK [2][-]{subsection.10.1}{\376\377\000E\000x\000p\000e\000r\000i\000m\000e\000n\000t\000a\000l\000\040\000S\000e\000t\000u\000p}{section.10}% 79
\BOOKMARK [3][-]{subsubsection.10.1.1}{\376\377\000M\000o\000d\000e\000l\000s\000\040\000E\000v\000a\000l\000u\000a\000t\000e\000d}{subsection.10.1}% 80
\BOOKMARK [3][-]{subsubsection.10.1.2}{\376\377\000K\000e\000y\000\040\000F\000i\000n\000d\000i\000n\000g\000:\000\040\000T\000h\000e\000\040\0005\000\045\000\040\000S\000w\000e\000e\000t\000\040\000S\000p\000o\000t}{subsection.10.1}% 81
\BOOKMARK [2][-]{subsection.10.2}{\376\377\000R\000e\000s\000u\000l\000t\000s}{section.10}% 82
\BOOKMARK [3][-]{subsubsection.10.2.1}{\376\377\000F\000a\000c\000t\000u\000a\000l\000\040\000A\000c\000c\000u\000r\000a\000c\000y\000\040\000a\000n\000d\000\040\000H\000a\000l\000l\000u\000c\000i\000n\000a\000t\000i\000o\000n\000\040\000R\000e\000d\000u\000c\000t\000i\000o\000n}{subsection.10.2}% 83
\BOOKMARK [3][-]{subsubsection.10.2.2}{\376\377\000M\000o\000c\000k\000\040\000E\000x\000p\000e\000r\000i\000m\000e\000n\000t\000s\000\040\000V\000a\000l\000i\000d\000a\000t\000i\000o\000n}{subsection.10.2}% 84
\BOOKMARK [3][-]{subsubsection.10.2.3}{\376\377\000S\000t\000r\000u\000c\000t\000u\000r\000a\000l\000\040\000R\000e\000l\000i\000a\000b\000i\000l\000i\000t\000y}{subsection.10.2}% 85
\BOOKMARK [3][-]{subsubsection.10.2.4}{\376\377\000C\000o\000n\000t\000i\000n\000u\000o\000u\000s\000\040\000L\000e\000a\000r\000n\000i\000n\000g\000\040\000a\000n\000d\000\040\000R\000e\000a\000l\000-\000t\000i\000m\000e\000\040\000U\000p\000d\000a\000t\000e\000s}{subsection.10.2}% 86
\BOOKMARK [3][-]{subsubsection.10.2.5}{\376\377\000C\000o\000m\000p\000o\000s\000i\000t\000i\000o\000n\000\040\000B\000e\000n\000e\000f\000i\000t\000s\000:\000\040\000T\000h\000e\000\040\000P\000o\000w\000e\000r\000\040\000o\000f\000\040\000A\000l\000g\000e\000b\000r\000a}{subsection.10.2}% 87
\BOOKMARK [3][-]{subsubsection.10.2.6}{\376\377\000I\000n\000c\000r\000e\000m\000e\000n\000t\000a\000l\000\040\000S\000u\000f\000f\000i\000x\000\040\000E\000x\000t\000e\000n\000s\000i\000o\000n\000\040\000I\000m\000p\000a\000c\000t}{subsection.10.2}% 88
\BOOKMARK [2][-]{subsection.10.3}{\376\377\000A\000b\000l\000a\000t\000i\000o\000n\000\040\000S\000t\000u\000d\000i\000e\000s}{section.10}% 89
\BOOKMARK [2][-]{subsection.10.4}{\376\377\000C\000o\000m\000p\000u\000t\000a\000t\000i\000o\000n\000a\000l\000\040\000E\000f\000f\000i\000c\000i\000e\000n\000c\000y}{section.10}% 90
\BOOKMARK [1][-]{section.11}{\376\377\000P\000r\000a\000c\000t\000i\000c\000a\000l\000\040\000E\000x\000a\000m\000p\000l\000e\000s\000\040\000a\000n\000d\000\040\000C\000o\000d\000e\000\040\000P\000a\000t\000t\000e\000r\000n\000s}{}% 91
\BOOKMARK [2][-]{subsection.11.1}{\376\377\000O\000n\000e\000-\000L\000i\000n\000e\000\040\000S\000o\000p\000h\000i\000s\000t\000i\000c\000a\000t\000e\000d\000\040\000M\000o\000d\000e\000l\000s}{section.11}% 92
\BOOKMARK [2][-]{subsection.11.2}{\376\377\000A\000l\000g\000e\000b\000r\000a\000i\000c\000\040\000P\000r\000o\000p\000e\000r\000t\000i\000e\000s\000\040\000E\000n\000a\000b\000l\000e\000\040\000O\000p\000t\000i\000m\000i\000z\000a\000t\000i\000o\000n}{section.11}% 93
\BOOKMARK [2][-]{subsection.11.3}{\376\377\000R\000e\000a\000l\000-\000W\000o\000r\000l\000d\000\040\000U\000s\000a\000g\000e\000\040\000P\000a\000t\000t\000e\000r\000n\000s}{section.11}% 94
\BOOKMARK [3][-]{subsubsection.11.3.1}{\376\377\000D\000o\000m\000a\000i\000n\000-\000S\000p\000e\000c\000i\000f\000i\000c\000\040\000G\000r\000o\000u\000n\000d\000i\000n\000g}{subsection.11.3}% 95
\BOOKMARK [3][-]{subsubsection.11.3.2}{\376\377\000R\000e\000a\000l\000-\000T\000i\000m\000e\000\040\000N\000e\000w\000s\000\040\000I\000n\000t\000e\000g\000r\000a\000t\000i\000o\000n}{subsection.11.3}% 96
\BOOKMARK [3][-]{subsubsection.11.3.3}{\376\377\000C\000o\000d\000e\000\040\000G\000e\000n\000e\000r\000a\000t\000i\000o\000n\000\040\000w\000i\000t\000h\000\040\000P\000a\000t\000t\000e\000r\000n\000s}{subsection.11.3}% 97
\BOOKMARK [1][-]{section.12}{\376\377\000R\000e\000l\000a\000t\000e\000d\000\040\000W\000o\000r\000k\000\040\000a\000n\000d\000\040\000C\000o\000n\000n\000e\000c\000t\000i\000o\000n\000s}{}% 98
\BOOKMARK [2][-]{subsection.12.1}{\376\377\000H\000i\000s\000t\000o\000r\000i\000c\000a\000l\000\040\000F\000o\000u\000n\000d\000a\000t\000i\000o\000n\000s}{section.12}% 99
\BOOKMARK [3][-]{subsubsection.12.1.1}{\376\377\000S\000t\000a\000t\000i\000s\000t\000i\000c\000a\000l\000\040\000L\000a\000n\000g\000u\000a\000g\000e\000\040\000M\000o\000d\000e\000l\000s}{subsection.12.1}% 100
\BOOKMARK [3][-]{subsubsection.12.1.2}{\376\377\000E\000n\000s\000e\000m\000b\000l\000e\000\040\000M\000e\000t\000h\000o\000d\000s}{subsection.12.1}% 101
\BOOKMARK [3][-]{subsubsection.12.1.3}{\376\377\000F\000o\000r\000m\000a\000l\000\040\000L\000a\000n\000g\000u\000a\000g\000e\000\040\000T\000h\000e\000o\000r\000y}{subsection.12.1}% 102
\BOOKMARK [2][-]{subsection.12.2}{\376\377\000C\000o\000n\000t\000e\000m\000p\000o\000r\000a\000r\000y\000\040\000C\000o\000n\000n\000e\000c\000t\000i\000o\000n\000s}{section.12}% 103
\BOOKMARK [3][-]{subsubsection.12.2.1}{\376\377\000S\000t\000r\000u\000c\000t\000u\000r\000e\000d\000\040\000G\000e\000n\000e\000r\000a\000t\000i\000o\000n}{subsection.12.2}% 104
\BOOKMARK [3][-]{subsubsection.12.2.2}{\376\377\000R\000e\000t\000r\000i\000e\000v\000a\000l\000-\000A\000u\000g\000m\000e\000n\000t\000e\000d\000\040\000G\000e\000n\000e\000r\000a\000t\000i\000o\000n}{subsection.12.2}% 105
\BOOKMARK [3][-]{subsubsection.12.2.3}{\376\377\000C\000o\000n\000t\000i\000n\000u\000o\000u\000s\000\040\000L\000e\000a\000r\000n\000i\000n\000g}{subsection.12.2}% 106
\BOOKMARK [2][-]{subsection.12.3}{\376\377\000T\000h\000e\000o\000r\000e\000t\000i\000c\000a\000l\000\040\000C\000o\000n\000n\000e\000c\000t\000i\000o\000n\000s}{section.12}% 107
\BOOKMARK [3][-]{subsubsection.12.3.1}{\376\377\000C\000a\000t\000e\000g\000o\000r\000y\000\040\000T\000h\000e\000o\000r\000y\000\040\000i\000n\000\040\000C\000o\000m\000p\000u\000t\000e\000r\000\040\000S\000c\000i\000e\000n\000c\000e}{subsection.12.3}% 108
\BOOKMARK [3][-]{subsubsection.12.3.2}{\376\377\000A\000l\000g\000e\000b\000r\000a\000i\000c\000\040\000E\000f\000f\000e\000c\000t\000s}{subsection.12.3}% 109
\BOOKMARK [3][-]{subsubsection.12.3.3}{\376\377\000I\000n\000f\000o\000r\000m\000a\000t\000i\000o\000n\000\040\000T\000h\000e\000o\000r\000y}{subsection.12.3}% 110
\BOOKMARK [1][-]{section.13}{\376\377\000D\000i\000s\000c\000u\000s\000s\000i\000o\000n\000\040\000a\000n\000d\000\040\000F\000u\000t\000u\000r\000e\000\040\000D\000i\000r\000e\000c\000t\000i\000o\000n\000s}{}% 111
\BOOKMARK [2][-]{subsection.13.1}{\376\377\000I\000m\000p\000l\000i\000c\000a\000t\000i\000o\000n\000s}{section.13}% 112
\BOOKMARK [3][-]{subsubsection.13.1.1}{\376\377\000F\000o\000r\000\040\000L\000a\000n\000g\000u\000a\000g\000e\000\040\000M\000o\000d\000e\000l\000\040\000E\000n\000g\000i\000n\000e\000e\000r\000i\000n\000g}{subsection.13.1}% 113
\BOOKMARK [3][-]{subsubsection.13.1.2}{\376\377\000F\000o\000r\000\040\000T\000h\000e\000o\000r\000e\000t\000i\000c\000a\000l\000\040\000U\000n\000d\000e\000r\000s\000t\000a\000n\000d\000i\000n\000g}{subsection.13.1}% 114
\BOOKMARK [3][-]{subsubsection.13.1.3}{\376\377\000F\000o\000r\000\040\000P\000r\000a\000c\000t\000i\000c\000a\000l\000\040\000A\000p\000p\000l\000i\000c\000a\000t\000i\000o\000n\000s}{subsection.13.1}% 115
\BOOKMARK [2][-]{subsection.13.2}{\376\377\000L\000i\000m\000i\000t\000a\000t\000i\000o\000n\000s\000\040\000a\000n\000d\000\040\000C\000h\000a\000l\000l\000e\000n\000g\000e\000s}{section.13}% 116
\BOOKMARK [3][-]{subsubsection.13.2.1}{\376\377\000C\000o\000m\000p\000u\000t\000a\000t\000i\000o\000n\000a\000l\000\040\000O\000v\000e\000r\000h\000e\000a\000d}{subsection.13.2}% 117
\BOOKMARK [3][-]{subsubsection.13.2.2}{\376\377\000T\000h\000e\000o\000r\000e\000t\000i\000c\000a\000l\000\040\000C\000o\000m\000p\000l\000e\000t\000e\000n\000e\000s\000s}{subsection.13.2}% 118
\BOOKMARK [3][-]{subsubsection.13.2.3}{\376\377\000L\000e\000a\000r\000n\000a\000b\000i\000l\000i\000t\000y\000\040\000o\000f\000\040\000C\000o\000m\000p\000o\000s\000i\000t\000i\000o\000n\000s}{subsection.13.2}% 119
\BOOKMARK [2][-]{subsection.13.3}{\376\377\000F\000u\000t\000u\000r\000e\000\040\000D\000i\000r\000e\000c\000t\000i\000o\000n\000s}{section.13}% 120
\BOOKMARK [3][-]{subsubsection.13.3.1}{\376\377\000A\000l\000g\000e\000b\000r\000a\000i\000c\000\040\000C\000o\000m\000p\000i\000l\000a\000t\000i\000o\000n}{subsection.13.3}% 121
\BOOKMARK [3][-]{subsubsection.13.3.2}{\376\377\000D\000i\000f\000f\000e\000r\000e\000n\000t\000i\000a\000b\000l\000e\000\040\000A\000l\000g\000e\000b\000r\000a}{subsection.13.3}% 122
\BOOKMARK [3][-]{subsubsection.13.3.3}{\376\377\000Q\000u\000a\000n\000t\000u\000m\000\040\000L\000a\000n\000g\000u\000a\000g\000e\000\040\000M\000o\000d\000e\000l\000s}{subsection.13.3}% 123
\BOOKMARK [3][-]{subsubsection.13.3.4}{\376\377\000A\000l\000g\000e\000b\000r\000a\000i\000c\000\040\000T\000y\000p\000e\000\040\000S\000y\000s\000t\000e\000m\000s}{subsection.13.3}% 124
\BOOKMARK [1][-]{section.14}{\376\377\000C\000o\000n\000c\000l\000u\000s\000i\000o\000n}{}% 125
\BOOKMARK [1][-]{appendix.A}{\376\377\000D\000e\000t\000a\000i\000l\000e\000d\000\040\000P\000r\000o\000o\000f\000s}{}% 126
\BOOKMARK [2][-]{subsection.A.1}{\376\377\000P\000r\000o\000o\000f\000\040\000o\000f\000\040\000M\000o\000n\000o\000i\000d\000a\000l\000\040\000C\000a\000t\000e\000g\000o\000r\000y\000\040\000S\000t\000r\000u\000c\000t\000u\000r\000e}{appendix.A}% 127
\BOOKMARK [2][-]{subsection.A.2}{\376\377\000P\000r\000o\000o\000f\000\040\000o\000f\000\040\000C\000o\000m\000p\000o\000s\000i\000t\000i\000o\000n\000\040\000L\000a\000w\000s}{appendix.A}% 128
\BOOKMARK [1][-]{appendix.B}{\376\377\000I\000m\000p\000l\000e\000m\000e\000n\000t\000a\000t\000i\000o\000n\000\040\000D\000e\000t\000a\000i\000l\000s}{}% 129
\BOOKMARK [2][-]{subsection.B.1}{\376\377\000S\000u\000f\000f\000i\000x\000\040\000A\000r\000r\000a\000y\000\040\000C\000o\000n\000s\000t\000r\000u\000c\000t\000i\000o\000n}{appendix.B}% 130
\BOOKMARK [2][-]{subsection.B.2}{\376\377\000C\000o\000n\000s\000t\000r\000a\000i\000n\000t\000\040\000I\000m\000p\000l\000e\000m\000e\000n\000t\000a\000t\000i\000o\000n}{appendix.B}% 131
\BOOKMARK [2][-]{subsection.B.3}{\376\377\000A\000l\000g\000e\000b\000r\000a\000i\000c\000\040\000M\000o\000d\000e\000l\000\040\000W\000r\000a\000p\000p\000e\000r}{appendix.B}% 132
\BOOKMARK [1][-]{appendix.C}{\376\377\000A\000d\000d\000i\000t\000i\000o\000n\000a\000l\000\040\000E\000x\000p\000e\000r\000i\000m\000e\000n\000t\000a\000l\000\040\000R\000e\000s\000u\000l\000t\000s}{}% 133
\BOOKMARK [2][-]{subsection.C.1}{\376\377\000D\000o\000m\000a\000i\000n\000\040\000A\000d\000a\000p\000t\000a\000t\000i\000o\000n\000\040\000S\000p\000e\000e\000d}{appendix.C}% 134
\BOOKMARK [2][-]{subsection.C.2}{\376\377\000C\000o\000m\000p\000o\000s\000i\000t\000i\000o\000n\000a\000l\000\040\000G\000e\000n\000e\000r\000a\000l\000i\000z\000a\000t\000i\000o\000n}{appendix.C}% 135
\BOOKMARK [2][-]{subsection.C.3}{\376\377\000I\000n\000t\000e\000r\000p\000r\000e\000t\000a\000b\000i\000l\000i\000t\000y\000\040\000A\000n\000a\000l\000y\000s\000i\000s}{appendix.C}% 136
